ERROR org.apache.spark.sql.catalyst.analysis.package$AnalysisErrorAt $
  An error occurred while analyzing the query.
  Exception in thread "main" org.apache.spark.sql.AnalysisException: "Cannot resolve column name 'salary' among (name, age)"
  at org.apache.spark.sql.catalyst.analysis.package$AnalysisErrorAt$.raise(AnalysisErrorAt.scala:48)
  at org.apache.spark.sql.catalyst.analysis.CheckAnalysis$$anonfun$checkAllColumns$1.apply(CheckAnalysis.scala:202)
  at org.apache.spark.sql.catalyst.analysis.CheckAnalysis$$anonfun$checkAllColumns$1.apply(CheckAnalysis.scala:200)
  at scala.collection.TraversableLike$$anonfun$map$1.apply(TraversableLike.scala:234)
  at scala.collection.TraversableLike$$anonfun$map$1.apply(TraversableLike.scala:234)
  at scala.collection.immutable.List.foreach(List.scala:392)
  at scala.collection.TraversableLike$class.map(TraversableLike.scala:234)
  at scala.collection.immutable.List.map(List.scala:296)
  at org.apache.spark.sql.catalyst.analysis.CheckAnalysis.checkAllColumns(CheckAnalysis.scala:200)
  at org.apache.spark.sql.catalyst.analysis.CheckAnalysis$CheckAnalysisVisitor.visitProject(CheckAnalysis.scala:612)
  at org.apache.spark.sql.catalyst.analysis.CheckAnalysis$CheckAnalysisVisitor.visitProject(CheckAnalysis.scala:496)
  at org.apache.spark.sql.catalyst.plans.logical.Project.accept(LogicalPlan.scala:79)
  at org.apache.spark.sql.catalyst.plans.logical.LogicalPlan.transform(LogicalPlan.scala:285)
  at org.apache.spark.sql.catalyst.plans.logical.Project.transformExpressions(Project.scala:69)
  at org.apache.spark.sql.catalyst.analysis.CheckAnalysis.checkAnalysis(CheckAnalysis.scala:121)
  at org.apache.spark.sql.execution.QueryExecution.analyzed$lzycompute(QueryExecution.scala:57)
  at org.apache.spark.sql.execution.QueryExecution.analyzed(QueryExecution.scala:55)
  at org.apache.spark.sql.execution.QueryExecution.assertAnalyzed(QueryExecution.scala:45)
  at org.apache.spark.sql.Dataset$.ofRows(Dataset.scala:97)
  at org.apache.spark.sql.SparkSession.sql(SparkSession.scala:704)
  at org.apache.spark.sql.Dataset.select(Dataset.scala:1413)
  at org.apache.spark.sql.Dataset.select(Dataset.scala:1363)
